make.exe all --print-data-base --no-builtin-variables --no-builtin-rules --question
# GNU Make 3.80
# Copyright (C) 2002  Free Software Foundation, Inc.
# This is free software; see the source for copying conditions.
# There is NO warranty; not even for MERCHANTABILITY or FITNESS FOR A
# PARTICULAR PURPOSE.
 

# Make data base, printed on Sun Apr 03 12:32:50 2022

# Variables

# automatic
<D = $(patsubst %/,%,$(dir $<))
# automatic
?F = $(notdir $?)
# makefile
MAKEFLAGS = Rrqp
# environment
VSCODE_LOG_NATIVE = false
# automatic
?D = $(patsubst %/,%,$(dir $?))
# automatic
@D = $(patsubst %/,%,$(dir $@))
# environment
HOMEDRIVE = C:
# automatic
@F = $(notdir $@)
# automatic
^D = $(patsubst %/,%,$(dir $^))
# default
CURDIR := c:/Users/Rishabh Singh/Desktop/C/M1_Calculator/3_Implementation
# default
SHELL := sh.exe
# environment
WINDIR = C:\WINDOWS
# environment
VSCODE_NLS_CONFIG = {"locale":"en-us","availableLanguages":{},"_languagePackSupport":true}
# environment
VBOX_MSI_INSTALL_PATH = C:\Program Files\Oracle\VirtualBox\
# environment
ONEDRIVE = C:\Users\Rishabh Singh\OneDrive
# environment
MSMPI_BIN = C:\Program Files\Microsoft MPI\Bin\
# environment
PATHEXT = .COM;.EXE;.BAT;.CMD;.VBS;.VBE;.JS;.JSE;.WSF;.WSH;.MSC
# makefile (from `makefile', line 1)
MAKEFILE_LIST :=  makefile
# environment
TMP = C:\Users\RISHAB~1\AppData\Local\Temp
# environment
VSCODE_VERBOSE_LOGGING = true
# environment
PROGRAMW6432 = C:\Program Files
# environment
PROGRAMDATA = C:\ProgramData
# environment
VSCODE_IPC_HOOK_EXTHOST = \\.\pipe\vscode-ipc-efc25180-676a-4d26-872b-3ac45760a6c1-sock
# environment
VSCODE_CWD = C:\Users\Rishabh Singh\Desktop\C\M1_Calculator
# environment
PATH = C:\Program Files\Microsoft MPI\Bin\;C:\Program Files\Java\jdk-13.0.2\bin;C:\MinGW\bin;C:\Program Files\Git\cmd;C:\WINDOWS\system32;C:\WINDOWS;C:\WINDOWS\System32\Wbem;C:\WINDOWS\System32\WindowsPowerShell\v1.0\;C:\WINDOWS\System32\OpenSSH\;C:\Program Files\nodejs\;C:\Program Files\dotnet\;C:\Program Files\Microsoft SQL Server\150\Tools\Binn\;C:\Program Files\Microsoft SQL Server\Client SDK\ODBC\170\Tools\Binn\;C:\Program Files (x86)\Microsoft SQL Server\150\DTS\Binn\;C:\Program Files\Azure Data Studio\bin;C:\Program Files (x86)\Microsoft SQL Server\150\Tools\Binn\;C:\Program Files\Microsoft SQL Server\150\DTS\Binn\;C;C:\Program Files (x86)\VMware\VMware Workstation\bin\;C:\Program Files\Java\jdk-13.0.2\bin;C:\MinGW\bin;C:\Program Files\Git\cmd;C:\WINDOWS\system32;C:\WINDOWS;C:\WINDOWS\System32\Wbem;C:\WINDOWS\System32\WindowsPowerShell\v1.0\;C:\WINDOWS\System32\OpenSSH\;C:\Program Files\nodejs\;C:\Users\Rishabh Singh\AppData\Local\Programs\Python\Python38-32\Scripts\;C:\Users\Rishabh Singh\AppData\Local\Programs\Python\Python38-32\;C:\Users\Rishabh Singh\AppData\Local\Programs\Microsoft VS Code\bin;C:\Users\Rishabh Singh\AppData\Local\GitHubDesktop\bin;C:\Users\Rishabh Singh\AppData\Local\Microsoft\WindowsApps;C:\Users\Rishabh Singh\AppData\Roaming\npm;C:\Program Files\R\R-4.0.3\bin\x64;C:\Program Files\R\R-4.0.3\bin\x64;C:\Users\Rishabh Singh\.dotnet\tools;C:\Program Files\Azure Data Studio\bin
# environment
ONLINESERVICES = Online Services
# environment
COMMONPROGRAMW6432 = C:\Program Files\Common Files
# environment
ZES_ENABLE_SYSMAN = 1
# environment
PROCESSOR_ARCHITECTURE = x86
# environment
USERPROFILE = C:\Users\Rishabh Singh
# environment
ALLUSERSPROFILE = C:\ProgramData
# environment
VSCODE_LOG_STACK = false
# environment
NUMBER_OF_PROCESSORS = 8
# environment
ELECTRON_RUN_AS_NODE = 1
# automatic
%F = $(notdir $%)
# environment
CHROME_CRASHPAD_PIPE_NAME = \\.\pipe\crashpad_13152_BVHFSSVPSFOOQGQP
# environment
VSCODE_PIPE_LOGGING = true
# environment
COMPUTERNAME = LAPTOP-23Q7L7EC
# environment
PROGRAMFILES = C:\Program Files (x86)
# environment
DRIVERDATA = C:\Windows\System32\Drivers\DriverData
# environment
ORIGINAL_XDG_CURRENT_DESKTOP = undefined
# environment
USERNAME = Rishabh Singh
# environment
PUBLIC = C:\Users\Public
# environment
VSCODE_AMD_ENTRYPOINT = vs/workbench/api/node/extensionHostProcess
# environment
VSCODE_CODE_CACHE_PATH = C:\Users\Rishabh Singh\AppData\Roaming\Code\CachedData\e18005f0f1b33c29e81d732535d8c0e47cafb0b5
# environment
APPLICATION_INSIGHTS_NO_DIAGNOSTIC_CHANNEL = 1
# environment
COMMONPROGRAMFILES = C:\Program Files (x86)\Common Files
# environment
LOGONSERVER = \\LAPTOP-23Q7L7EC
# environment
ONEDRIVECONSUMER = C:\Users\Rishabh Singh\OneDrive
# environment
VSCODE_HANDLES_UNCAUGHT_ERRORS = true
# environment
USERDOMAIN = LAPTOP-23Q7L7EC
# environment
MSMPI_BENCHMARKS = C:\Program Files\Microsoft MPI\Benchmarks\
# default
MAKE = $(MAKE_COMMAND)
# default
MAKECMDGOALS := all
# environment
QT_DEVICE_PIXEL_RATIO = auto
# default
MAKE_VERSION := 3.80
# environment
PROGRAMFILES(X86) = C:\Program Files (x86)
# automatic
%D = $(patsubst %/,%,$(dir $%))
# environment
LOCALAPPDATA = C:\Users\Rishabh Singh\AppData\Local
# environment
PSMODULEPATH = C:\Program Files\WindowsPowerShell\Modules;C:\WINDOWS\system32\WindowsPowerShell\v1.0\Modules;C:\Program Files (x86)\Microsoft SQL Server\150\Tools\PowerShell\Modules\
# default
MAKE_COMMAND := make.exe
# environment
PROCESSOR_ARCHITEW6432 = AMD64
# default
.VARIABLES := 
# automatic
*F = $(notdir $*)
# environment
PROCESSOR_IDENTIFIER = Intel64 Family 6 Model 142 Stepping 12, GenuineIntel
# environment
OS = Windows_NT
# environment
VSCODE_IPC_HOOK = \\.\pipe\0182fecb1d6d6c9695159fb11f952f37-1.66.0-main-sock
# environment
HOMEPATH = \Users\Rishabh Singh
# environment
COMMONPROGRAMFILES(X86) = C:\Program Files (x86)\Common Files
# environment
PROMPT = $P$G
# environment
MFLAGS = -Rrqp
# automatic
*D = $(patsubst %/,%,$(dir $*))
# environment
REGIONCODE = APJ
# environment
SYSTEMROOT = C:\WINDOWS
# automatic
+D = $(patsubst %/,%,$(dir $+))
# environment
PLATFORMCODE = KV
# automatic
+F = $(notdir $+)
# environment
APPDATA = C:\Users\Rishabh Singh\AppData\Roaming
# environment
Path = C:\Program Files\Microsoft MPI\Bin\;C:\Program Files\Java\jdk-13.0.2\bin;C:\MinGW\bin;C:\Program Files\Git\cmd;C:\WINDOWS\system32;C:\WINDOWS;C:\WINDOWS\System32\Wbem;C:\WINDOWS\System32\WindowsPowerShell\v1.0\;C:\WINDOWS\System32\OpenSSH\;C:\Program Files\nodejs\;C:\Program Files\dotnet\;C:\Program Files\Microsoft SQL Server\150\Tools\Binn\;C:\Program Files\Microsoft SQL Server\Client SDK\ODBC\170\Tools\Binn\;C:\Program Files (x86)\Microsoft SQL Server\150\DTS\Binn\;C:\Program Files\Azure Data Studio\bin;C:\Program Files (x86)\Microsoft SQL Server\150\Tools\Binn\;C:\Program Files\Microsoft SQL Server\150\DTS\Binn\;C;C:\Program Files (x86)\VMware\VMware Workstation\bin\;C:\Program Files\Java\jdk-13.0.2\bin;C:\MinGW\bin;C:\Program Files\Git\cmd;C:\WINDOWS\system32;C:\WINDOWS;C:\WINDOWS\System32\Wbem;C:\WINDOWS\System32\WindowsPowerShell\v1.0\;C:\WINDOWS\System32\OpenSSH\;C:\Program Files\nodejs\;C:\Users\Rishabh Singh\AppData\Local\Programs\Python\Python38-32\Scripts\;C:\Users\Rishabh Singh\AppData\Local\Programs\Python\Python38-32\;C:\Users\Rishabh Singh\AppData\Local\Programs\Microsoft VS Code\bin;C:\Users\Rishabh Singh\AppData\Local\GitHubDesktop\bin;C:\Users\Rishabh Singh\AppData\Local\Microsoft\WindowsApps;C:\Users\Rishabh Singh\AppData\Roaming\npm;C:\Program Files\R\R-4.0.3\bin\x64;C:\Program Files\R\R-4.0.3\bin\x64;C:\Users\Rishabh Singh\.dotnet\tools;C:\Program Files\Azure Data Studio\bin
# environment
TEMP = C:\Users\RISHAB~1\AppData\Local\Temp
# environment
COMSPEC = C:\WINDOWS\system32\cmd.exe
# default
MAKEFILES := 
# automatic
<F = $(notdir $<)
# environment
LC_ALL = C
# automatic
^F = $(notdir $^)
# default
SUFFIXES := 
# environment
SYSTEMDRIVE = C:
# environment
SESSIONNAME = Console
# environment
PROCESSOR_REVISION = 8e0c
# environment
MAKELEVEL := 0
# environment
LANG = C
# environment
PROCESSOR_LEVEL = 6
# environment
PT7HOME = C:\Program Files\Cisco Packet Tracer 7.3.0
# environment
VSCODE_PID = 13152
# environment
USERDOMAIN_ROAMINGPROFILE = LAPTOP-23Q7L7EC
# variable set hash-table stats:
# Load=95/1024=9%, Rehash=0, Collisions=9/112=8%

# Directories

# C:\Users\Rishabh Singh\AppData\Local\Programs\Python\Python38-32\ (key C:/Users/Rishabh Singh/AppData/Local/Programs/Python/Python38-32/, mtime 1591511732): 17 files, no impossibilities.
# C:\Users\Rishabh Singh\AppData\Local\Programs\Python\Python38-32\Scripts\ (key C:/Users/Rishabh Singh/AppData/Local/Programs/Python/Python38-32/Scripts/, mtime 1603983323): 12 files, no impossibilities.
# C:\Program Files (x86)\Microsoft SQL Server\150\DTS\Binn\ (key C:/Program Files (x86)/Microsoft SQL Server/150/DTS/Binn/, mtime 1648274787): 40 files, no impossibilities.
# C:\Program Files\Microsoft SQL Server\150\Tools\Binn\ (key C:/Program Files/Microsoft SQL Server/150/Tools/Binn/, mtime 1648274798): 14 files, no impossibilities.
# C:\WINDOWS\System32\WindowsPowerShell\v1.0\ (key C:/WINDOWS/System32/WindowsPowerShell/v1.0/, mtime 1620364301): 30 files, no impossibilities.
# C:\WINDOWS\System32\Wbem (key C:/WINDOWS/System32/Wbem, mtime 1645007353): 154 files, no impossibilities.
# . (key c:/Users/Rishabh Singh/Desktop/C/M1_Calculator/3_Implementation, mtime 1648969370): 11 files, no impossibilities.
# C:\Program Files\Microsoft MPI\Bin\ (key C:/Program Files/Microsoft MPI/Bin/, mtime 1648274751): 6 files, no impossibilities.
# C:\Program Files\nodejs\ (key C:/Program Files/nodejs/, mtime 1627301268): 11 files, no impossibilities.
# C:\WINDOWS\System32\OpenSSH\: could not be stat'd.
# C:\MinGW\bin (key C:/MinGW/bin, mtime 1648865437): 57 files, no impossibilities.
# C: could not be stat'd.
# C:\Program Files (x86)\VMware\VMware Workstation\bin\: could not be stat'd.
# C:\Program Files\Java\jdk-13.0.2\bin (key C:/Program Files/Java/jdk-13.0.2/bin, mtime 1580647888): 126 files, no impossibilities.
# C:\Users\Rishabh Singh\AppData\Local\Programs\Microsoft VS Code\bin (key C:/Users/Rishabh Singh/AppData/Local/Programs/Microsoft VS Code/bin, mtime 1648734751): 4 files, no impossibilities.
# C:\Program Files\R\R-4.0.3\bin\x64 (key C:/Program Files/R/R-4.0.3/bin/x64, mtime 1609928346): 15 files, no impossibilities.
# C:\WINDOWS (key C:/WINDOWS, mtime 1648745119): 129 files, no impossibilities.
# C:\Users\Rishabh Singh\AppData\Roaming\npm (key C:/Users/Rishabh Singh/AppData/Roaming/npm, mtime 1628671957): 6 files, no impossibilities.
# C:\Users\Rishabh Singh\.dotnet\tools: could not be stat'd.
# C:\Program Files (x86)\Microsoft SQL Server\150\Tools\Binn\ (key C:/Program Files (x86)/Microsoft SQL Server/150/Tools/Binn/, mtime 1648274798): 11 files, no impossibilities.
# C:\Program Files\Microsoft SQL Server\Client SDK\ODBC\170\Tools\Binn\ (key C:/Program Files/Microsoft SQL Server/Client SDK/ODBC/170/Tools/Binn/, mtime 1648274798): 7 files, no impossibilities.
# C:\Program Files\Azure Data Studio\bin (key C:/Program Files/Azure Data Studio/bin, mtime 1648212713): 4 files, no impossibilities.
# C:\Program Files\Microsoft SQL Server\150\DTS\Binn\ (key C:/Program Files/Microsoft SQL Server/150/DTS/Binn/, mtime 1648274799): 46 files, no impossibilities.
# C:\Program Files\dotnet\ (key C:/Program Files/dotnet/, mtime 1648090793): 13 files, no impossibilities.
# C:\Users\Rishabh Singh\AppData\Local\Microsoft\WindowsApps (key C:/Users/Rishabh Singh/AppData/Local/Microsoft/WindowsApps, mtime 1648887355): 27 files, no impossibilities.
# C:\Users\Rishabh Singh\AppData\Local\GitHubDesktop\bin (key C:/Users/Rishabh Singh/AppData/Local/GitHubDesktop/bin, mtime 1615354849): 4 files, no impossibilities.
# C:\Program Files\Git\cmd (key C:/Program Files/Git/cmd, mtime 1605412380): 8 files, no impossibilities.
# C:\WINDOWS\system32 (key C:/WINDOWS/system32, mtime 1648689691): 2863 files, no impossibilities.

# 3615 files, no impossibilities in 28 directories.

# Implicit Rules

# No implicit rules.

# Pattern-specific variable values

# No pattern-specific variable values.

# Files

# Not a target:
all:
#  Command-line target.
#  Implicit rule search has been done.
#  File does not exist.
#  File has not been updated.

# Not a target:
.DEFAULT:
#  Implicit rule search has not been done.
#  Modification time never checked 
make.exe: *** No rule to make target `all'.  Stop.

.
#  File has not been updated.

# Not a target:
makefile:
#  Implicit rule search has been done.
#  Last modified 2022-04-02 15:57:37
#  File has been updated.
#  Successfully updated.

Build:
#  Implicit rule search has not been done.
#  Modification time never checked.
#  File has not been updated.
#  commands to execute (from `makefile', line 2):
	gcc ./src/main.c ./src/simple.c ./src/advance.c ./test/test.c ./unity/unity.c
	

# Not a target:
.SUFFIXES:
#  Implicit rule search has not been done.
#  Modification time never checked.
#  File has not been updated.

Run:
#  Implicit rule search has not been done.
#  Modification time never checked.
#  File has not been updated.
#  commands to execute (from `makefile', line 5):
	./a.out
	

# files hash-table stats:
# Load=6/1024=1%, Rehash=0, Collisions=0/17=0%
# VPATH Search Paths

# No `vpath' search paths.

# No general (`VPATH' variable) search path.

# Finished Make data base on Sun Apr 03 12:32:50 2022

 
